<?xml version="1.0" encoding="UTF-8"?>
<!-- Generated by org.testng.reporters.JUnitXMLReporter -->
<testsuite hostname="DESKTOP-FU825SC" ignored="1" name="Car_loan" tests="2" failures="0" timestamp="2022-03-14T11:53:49 EDT" time="0.006" errors="0">
  <testcase name="APILoginCarLoan" time="0.001" classname="testng.javatpnt.DemoXML2"/>
  <testcase name="WebLoginCarLoan" time="0.001" classname="testng.javatpnt.DemoXML2"/>
  <testcase name="MobileLoginCarLoan" time="0.0" classname="testng.javatpnt.DemoXML2">
    <ignored/>
  </testcase> <!-- MobileLoginCarLoan -->
</testsuite> <!-- Car_loan -->
