<?xml version="1.0" encoding="UTF-8"?>
<!-- Generated by org.testng.reporters.JUnitXMLReporter -->
<testsuite hostname="DESKTOP-FU825SC" ignored="1" name="Personal_loan" tests="4" failures="0" timestamp="2022-03-14T11:58:12 EDT" time="0.066" errors="0">
  <testcase name="test1" time="0.01" classname="testng.javatpnt.DemoXML"/>
  <testcase name="test2" time="0.001" classname="testng.javatpnt.DemoXML"/>
  <testcase name="APILoginCarLoan" time="0.002" classname="testng.javatpnt.DemoXML2"/>
  <testcase name="WebLoginCarLoan" time="0.001" classname="testng.javatpnt.DemoXML2"/>
  <testcase name="MobileLoginCarLoan" time="0.0" classname="testng.javatpnt.DemoXML2">
    <ignored/>
  </testcase> <!-- MobileLoginCarLoan -->
</testsuite> <!-- Personal_loan -->
