<?xml version="1.0" encoding="UTF-8"?>
<!-- Generated by org.testng.reporters.JUnitXMLReporter -->
<testsuite hostname="DESKTOP-FU825SC" ignored="3" name="TestJavaTpnt" tests="2" failures="0" timestamp="2022-03-14T14:51:41 EDT" time="0.035" errors="0">
  <testcase name="test1" time="0.005" classname="testng.javatpnt.DemoXML"/>
  <testcase name="test2" time="0.001" classname="testng.javatpnt.DemoXML"/>
  <testcase name="APILoginCarLoan" time="0.0" classname="testng.javatpnt.DemoXML2">
    <ignored/>
  </testcase> <!-- APILoginCarLoan -->
  <testcase name="MobileLoginCarLoan" time="0.0" classname="testng.javatpnt.DemoXML2">
    <ignored/>
  </testcase> <!-- MobileLoginCarLoan -->
  <testcase name="WebLoginCarLoan" time="0.0" classname="testng.javatpnt.DemoXML2">
    <ignored/>
  </testcase> <!-- WebLoginCarLoan -->
</testsuite> <!-- TestJavaTpnt -->
