<?xml version="1.0" encoding="UTF-8"?>
<!-- Generated by org.testng.reporters.JUnitXMLReporter -->
<testsuite hostname="DESKTOP-FU825SC" ignored="6" name="TestLoan" tests="3" failures="0" timestamp="2022-03-14T15:13:43 EDT" time="0.041" errors="0">
  <testcase name="WebLoginPersonalLoan" time="0.006" classname="testng.javatpnt.Personal_loan"/>
  <testcase name="MobileLoginHomeLoan" time="0.002" classname="testng.javatpnt.Home_loan"/>
  <testcase name="APILoginCarLoan" time="0.001" classname="testng.javatpnt.Car_loan"/>
  <testcase name="WebLoginCarLoan" time="0.0" classname="testng.javatpnt.Car_loan">
    <ignored/>
  </testcase> <!-- WebLoginCarLoan -->
  <testcase name="WebLoginHomeLoan" time="0.0" classname="testng.javatpnt.Home_loan">
    <ignored/>
  </testcase> <!-- WebLoginHomeLoan -->
  <testcase name="MobileLoginPersonalLoan" time="0.0" classname="testng.javatpnt.Personal_loan">
    <ignored/>
  </testcase> <!-- MobileLoginPersonalLoan -->
  <testcase name="APILoginPersonalLoan" time="0.0" classname="testng.javatpnt.Personal_loan">
    <ignored/>
  </testcase> <!-- APILoginPersonalLoan -->
  <testcase name="MobileLoginCarLoan" time="0.0" classname="testng.javatpnt.Car_loan">
    <ignored/>
  </testcase> <!-- MobileLoginCarLoan -->
  <testcase name="APILoginHomeLoan" time="0.0" classname="testng.javatpnt.Home_loan">
    <ignored/>
  </testcase> <!-- APILoginHomeLoan -->
</testsuite> <!-- TestLoan -->
