<?xml version="1.0" encoding="UTF-8"?>
<!-- Generated by org.testng.reporters.JUnitXMLReporter -->
<testsuite hostname="DESKTOP-FU825SC" ignored="0" name="TestPrmtr" tests="4" failures="0" timestamp="2022-03-14T16:54:49 EDT" time="0.04" errors="0">
  <testcase name="mango" time="0.006" classname="testng.javatpnt.Frts"/>
  <testcase name="orange" time="0.001" classname="testng.javatpnt.Frts"/>
  <testcase name="c" time="0.001" classname="testng.javatpnt.Vgtbls"/>
  <testcase name="orange" time="0.001" classname="testng.javatpnt.Vgtbls"/>
</testsuite> <!-- TestPrmtr -->
