<?xml version="1.0" encoding="UTF-8"?>
<testng-results skipped="0" failed="0" ignored="0" total="2" passed="2">
  <reporter-output>
  </reporter-output>
  <suite name="Default suite" duration-ms="3654" started-at="2022-03-24T19:41:20 EDT" finished-at="2022-03-24T19:41:23 EDT">
    <groups>
    </groups>
    <test name="Default test" duration-ms="3654" started-at="2022-03-24T19:41:20 EDT" finished-at="2022-03-24T19:41:23 EDT">
      <class name="rest.assured.AAtest01_Get">
        <test-method status="PASS" signature="test()[pri:0, instance:rest.assured.AAtest01_Get@1786dec2]" name="test" duration-ms="2596" started-at="2022-03-24T19:41:20 EDT" finished-at="2022-03-24T19:41:22 EDT">
          <reporter-output>
          </reporter-output>
        </test-method> <!-- test -->
        <test-method status="PASS" signature="test1()[pri:0, instance:rest.assured.AAtest01_Get@1786dec2]" name="test1" duration-ms="839" started-at="2022-03-24T19:41:22 EDT" finished-at="2022-03-24T19:41:23 EDT">
          <reporter-output>
          </reporter-output>
        </test-method> <!-- test1 -->
      </class> <!-- rest.assured.AAtest01_Get -->
    </test> <!-- Default test -->
  </suite> <!-- Default suite -->
</testng-results>
